---
  0 debug pnpm:scope: 
    selected: 1
    workspacePrefix: null
  1 info pnpm: 
    message: "A store server is running. All store manipulations are delegated to it."
    prefix: "/app"
  2 debug pnpm:package-json: 
    initial: 
      //1: "describes your app and its dependencies"
      //2: "https://docs.npmjs.com/files/package.json"
      //3: "updating this file will download and update your packages"
      name: "angelbot"
      version: "0.0.1"
      description: "A simple Node app built on Express, instantly up and running."
      main: "kaos.js"
      scripts: 
        start: "node kaos.js"
      dependencies: 
        @tohru/gm: "^1.3.1"
        author: "^1.0.0"
        canvas: "^2.4.1"
        canvas-constructor: "^3.1.0"
        chalk: "^2.4.2"
        chance: "^1.1.7"
        common-tags: "^1.8.0"
        dateformat: "^3.0.3"
        dblapi.js: "^2.3.0"
        discord-economy: "^1.1.6"
        discord-giveaways: "^4.4.3"
        discord.js: "^12.3.0"
        express: "^4.16.4"
        get-youtube-id: "^1.0.1"
        jimp: "^0.6.1"
        math-expression-evaluator: "^1.3.7"
        moment: "^2.24.0"
        moment-duration-format: "^2.2.2"
        ms: "^2.1.3"
        node-superfetch: "^0.1.9"
        parse-ms: "^2.1.0"
        quick.db: "^7.1.3"
        reaction: "^2.2.49"
        request: "^2.88.0"
        snekfetch: "^4.0.4"
        start: "^5.1.0"
        table: "^5.4.6"
        useful-tools: "^0.2.6"
        weather-js: "^2.0.0"
        wio: "^0.9.0"
        youtube-dl: "^2.0.1"
        youtube-info: "^1.3.2"
        ytdl-core: "^0.29.2"
      engines: 
        node: "12.x"
      repository: 
        url: "https://angelbotweb.glitch.me"
      license: "MIT"
      keywords: 
        - "node"
        - "glitch"
        - "express"
      readme: "- BOT CASSE TARAFINDAN KODLANMIŞTIR!\n- BU BOTUN Bİ KOPYASI YOKTUR!"
      readmeFilename: "README.md"
      gitHead: "ab2e3f2d7adf02176623d84ee6bd34390bb77efa"
      _id: "angelbot@0.0.1"
    prefix: "/app"
  3 warn pnpm: 
    message: "Moving @tohru/gm that was installed by a different package manager to \"node_modules/.ignored"
    prefix: "/app"
  4 error pnpm: 
    message: 
      errno: -39
      code: "ENOTEMPTY"
      syscall: "rename"
      path: "/rbd/pnpm-volume/a3751bf6-14d0-4e79-9342-f73a304db4aa/node_modules/@tohru/gm"
      dest: "/rbd/pnpm-volume/a3751bf6-14d0-4e79-9342-f73a304db4aa/node_modules/.ignored/@tohru/gm"
    err: 
      name: "Error"
      message: "ENOTEMPTY: directory not empty, rename '/rbd/pnpm-volume/a3751bf6-14d0-4e79-9342-f73a304db4aa/node_modules/@tohru/gm' -> '/rbd/pnpm-volume/a3751bf6-14d0-4e79-9342-f73a304db4aa/node_modules/.ignored/@tohru/gm'"
      code: "ENOTEMPTY"
      stack: "Error: ENOTEMPTY: directory not empty, rename '/rbd/pnpm-volume/a3751bf6-14d0-4e79-9342-f73a304db4aa/node_modules/@tohru/gm' -> '/rbd/pnpm-volume/a3751bf6-14d0-4e79-9342-f73a304db4aa/node_modules/.ignored/@tohru/gm'"
